<?xml version="1.0" encoding="UTF-8"?>
<testsuite name="io.flutter.plugins.imagepicker.ImagePickerPluginTest" tests="14" skipped="0" failures="0" errors="0" timestamp="2022-06-25T07:32:51" hostname="LAPTOP-ADPB0ICQ" time="0.61">
  <properties/>
  <testcase name="onMethodCall_WhenActivityIsNull_FinishesWithForegroundActivityRequiredError" classname="io.flutter.plugins.imagepicker.ImagePickerPluginTest" time="0.366"/>
  <testcase name="onResiter_WhenAcitivityIsNull_ShouldNotCrash" classname="io.flutter.plugins.imagepicker.ImagePickerPluginTest" time="0.002"/>
  <testcase name="onMethodCall_PickingImage_WhenSourceIsCamera_InvokesTakeImageWithCamera_FrontCamera" classname="io.flutter.plugins.imagepicker.ImagePickerPluginTest" time="0.004"/>
  <testcase name="onMethodCall_WhenCalledWithUnknownMethod_ThrowsException" classname="io.flutter.plugins.imagepicker.ImagePickerPluginTest" time="0.036"/>
  <testcase name="onMethodCall_WhenCalledWithUnknownImageSource_ThrowsException" classname="io.flutter.plugins.imagepicker.ImagePickerPluginTest" time="0.003"/>
  <testcase name="onMethodCall_InvokesChooseMultiImageFromGallery" classname="io.flutter.plugins.imagepicker.ImagePickerPluginTest" time="0.002"/>
  <testcase name="onConstructor_WhenContextTypeIsActivity_ShouldNotCrash" classname="io.flutter.plugins.imagepicker.ImagePickerPluginTest" time="0.002"/>
  <testcase name="onDetachedFromActivity_ShouldReleaseActivityState" classname="io.flutter.plugins.imagepicker.ImagePickerPluginTest" time="0.18"/>
  <testcase name="onMethodCall_PickingImage_WhenSourceIsCamera_InvokesTakeImageWithCamera_RearCamera" classname="io.flutter.plugins.imagepicker.ImagePickerPluginTest" time="0.003"/>
  <testcase name="onMethodCall_PickingVideo_WhenSourceIsCamera_InvokesTakeImageWithCamera_RearCamera" classname="io.flutter.plugins.imagepicker.ImagePickerPluginTest" time="0.002"/>
  <testcase name="constructDelegate_ShouldUseInternalCacheDirectory" classname="io.flutter.plugins.imagepicker.ImagePickerPluginTest" time="0.002"/>
  <testcase name="onMethodCall_PickingVideo_WhenSourceIsCamera_InvokesTakeImageWithCamera_FrontCamera" classname="io.flutter.plugins.imagepicker.ImagePickerPluginTest" time="0.002"/>
  <testcase name="onMethodCall_WhenSourceIsCamera_InvokesTakeImageWithCamera" classname="io.flutter.plugins.imagepicker.ImagePickerPluginTest" time="0.003"/>
  <testcase name="onMethodCall_WhenSourceIsGallery_InvokesChooseImageFromGallery" classname="io.flutter.plugins.imagepicker.ImagePickerPluginTest" time="0.002"/>
  <system-out><![CDATA[]]></system-out>
  <system-err><![CDATA[]]></system-err>
</testsuite>
