<?xml version="1.0" encoding="UTF-8"?>
<testsuite name="io.flutter.plugins.imagepicker.FileUtilTest" tests="2" skipped="0" failures="0" errors="0" timestamp="2022-06-25T07:23:30" hostname="LAPTOP-ADPB0ICQ" time="555.193">
  <properties/>
  <testcase name="FileUtil_getImageExtension" classname="io.flutter.plugins.imagepicker.FileUtilTest" time="555.134"/>
  <testcase name="FileUtil_GetPathFromUri" classname="io.flutter.plugins.imagepicker.FileUtilTest" time="0.059"/>
  <system-out><![CDATA[Downloading from maven 
[Robolectric] io.flutter.plugins.imagepicker.FileUtilTest.FileUtil_getImageExtension: sdk=16; resources=BINARY
Downloading from maven 
[Robolectric] io.flutter.plugins.imagepicker.FileUtilTest.FileUtil_GetPathFromUri: sdk=16; resources=BINARY
]]></system-out>
  <system-err><![CDATA[Downloading: org/robolectric/android-all/4.1.2_r1-robolectric-r1/android-all-4.1.2_r1-robolectric-r1.pom from repository sonatype at https://oss.sonatype.org/content/groups/public/
Transferring 2K from sonatype
Downloading: org/sonatype/oss/oss-parent/9/oss-parent-9.pom from repository sonatype at https://oss.sonatype.org/content/groups/public/
Transferring 6K from sonatype
Downloading: org/robolectric/android-all/4.1.2_r1-robolectric-r1/android-all-4.1.2_r1-robolectric-r1.jar from repository sonatype at https://oss.sonatype.org/content/groups/public/
Transferring 41879K from sonatype
Downloading: org/robolectric/android-all/10-robolectric-5803371/android-all-10-robolectric-5803371.pom from repository sonatype at https://oss.sonatype.org/content/groups/public/
Transferring 2K from sonatype
Downloading: org/robolectric/android-all/10-robolectric-5803371/android-all-10-robolectric-5803371.jar from repository sonatype at https://oss.sonatype.org/content/groups/public/
Transferring 128332K from sonatype
]]></system-err>
</testsuite>
