<?xml version="1.0" encoding="UTF-8"?>
<testsuite name="io.flutter.embedding.engine.plugins.lifecycle.FlutterLifecycleAdapterTest" tests="1" skipped="0" failures="0" errors="0" timestamp="2022-06-25T07:22:04" hostname="LAPTOP-ADPB0ICQ" time="0.116">
  <properties/>
  <testcase name="getActivityLifecycle" classname="io.flutter.embedding.engine.plugins.lifecycle.FlutterLifecycleAdapterTest" time="0.116"/>
  <system-out><![CDATA[]]></system-out>
  <system-err><![CDATA[]]></system-err>
</testsuite>
